

Started GET "/" for ::1 at 2016-02-15 14:08:12 +0900
Processing by CommentsController#index as HTML
  Rendered comments/index.html.erb within layouts/application (4.2ms)
Completed 500 Internal Server Error in 376ms (ActiveRecord: 0.0ms)

ActionView::Template::Error (wrong number of arguments (3 for 1)):
    2: <html>
    3: <head>
    4:   <title>ReactRailsTutorial</title>
    5:   <%= stylesheet_link_tag    'application', media: 'all', 'data-turbolinks-track' => true %>
    6:   <%= javascript_include_tag 'application', 'data-turbolinks-track' => true %>
    7:   <%= csrf_meta_tags %>
    8: </head>
  app/assets/javascripts/application.js:15
  app/views/layouts/application.html.erb:5:in `_app_views_layouts_application_html_erb__671465908505799804_70324772911580'


  Rendered /Users/YamaguchiShosei/.rbenv/versions/2.2.3/lib/ruby/gems/2.2.0/gems/actionpack-4.2.5.1/lib/action_dispatch/middleware/templates/rescues/_source.erb (10.8ms)
  Rendered /Users/YamaguchiShosei/.rbenv/versions/2.2.3/lib/ruby/gems/2.2.0/gems/actionpack-4.2.5.1/lib/action_dispatch/middleware/templates/rescues/_trace.html.erb (6.1ms)
  Rendered /Users/YamaguchiShosei/.rbenv/versions/2.2.3/lib/ruby/gems/2.2.0/gems/actionpack-4.2.5.1/lib/action_dispatch/middleware/templates/rescues/_request_and_response.html.erb (1.5ms)
  Rendered /Users/YamaguchiShosei/.rbenv/versions/2.2.3/lib/ruby/gems/2.2.0/gems/actionpack-4.2.5.1/lib/action_dispatch/middleware/templates/rescues/template_error.html.erb within rescues/layout (107.6ms)
  Rendered /Users/YamaguchiShosei/.rbenv/versions/2.2.3/lib/ruby/gems/2.2.0/gems/web-console-2.3.0/lib/web_console/templates/_markup.html.erb (0.6ms)
  Rendered /Users/YamaguchiShosei/.rbenv/versions/2.2.3/lib/ruby/gems/2.2.0/gems/web-console-2.3.0/lib/web_console/templates/_inner_console_markup.html.erb within layouts/inlined_string (0.4ms)
  Rendered /Users/YamaguchiShosei/.rbenv/versions/2.2.3/lib/ruby/gems/2.2.0/gems/web-console-2.3.0/lib/web_console/templates/_prompt_box_markup.html.erb within layouts/inlined_string (0.7ms)
  Rendered /Users/YamaguchiShosei/.rbenv/versions/2.2.3/lib/ruby/gems/2.2.0/gems/web-console-2.3.0/lib/web_console/templates/style.css.erb within layouts/inlined_string (0.5ms)
  Rendered /Users/YamaguchiShosei/.rbenv/versions/2.2.3/lib/ruby/gems/2.2.0/gems/web-console-2.3.0/lib/web_console/templates/console.js.erb within layouts/javascript (93.9ms)
  Rendered /Users/YamaguchiShosei/.rbenv/versions/2.2.3/lib/ruby/gems/2.2.0/gems/web-console-2.3.0/lib/web_console/templates/main.js.erb within layouts/javascript (0.4ms)
  Rendered /Users/YamaguchiShosei/.rbenv/versions/2.2.3/lib/ruby/gems/2.2.0/gems/web-console-2.3.0/lib/web_console/templates/error_page.js.erb within layouts/javascript (0.4ms)
  Rendered /Users/YamaguchiShosei/.rbenv/versions/2.2.3/lib/ruby/gems/2.2.0/gems/web-console-2.3.0/lib/web_console/templates/index.html.erb (198.1ms)


Started GET "/" for ::1 at 2016-02-15 14:11:32 +0900
Processing by CommentsController#index as HTML
  Rendered comments/index.html.erb within layouts/application (2.3ms)
Completed 500 Internal Server Error in 309ms (ActiveRecord: 0.0ms)

ActionView::Template::Error (wrong number of arguments (3 for 1)):
    2: <html>
    3: <head>
    4:   <title>ReactRailsTutorial</title>
    5:   <%= stylesheet_link_tag    'application', media: 'all', 'data-turbolinks-track' => true %>
    6:   <%= javascript_include_tag 'application', 'data-turbolinks-track' => true %>
    7:   <%= csrf_meta_tags %>
    8: </head>
  app/assets/javascripts/application.js:15
  app/views/layouts/application.html.erb:5:in `_app_views_layouts_application_html_erb__2114189879161356404_70352571209040'


  Rendered /Users/YamaguchiShosei/.rbenv/versions/2.2.3/lib/ruby/gems/2.2.0/gems/actionpack-4.2.5.1/lib/action_dispatch/middleware/templates/rescues/_source.erb (10.8ms)
  Rendered /Users/YamaguchiShosei/.rbenv/versions/2.2.3/lib/ruby/gems/2.2.0/gems/actionpack-4.2.5.1/lib/action_dispatch/middleware/templates/rescues/_trace.html.erb (4.7ms)
  Rendered /Users/YamaguchiShosei/.rbenv/versions/2.2.3/lib/ruby/gems/2.2.0/gems/actionpack-4.2.5.1/lib/action_dispatch/middleware/templates/rescues/_request_and_response.html.erb (15.5ms)
  Rendered /Users/YamaguchiShosei/.rbenv/versions/2.2.3/lib/ruby/gems/2.2.0/gems/actionpack-4.2.5.1/lib/action_dispatch/middleware/templates/rescues/template_error.html.erb within rescues/layout (117.5ms)
  Rendered /Users/YamaguchiShosei/.rbenv/versions/2.2.3/lib/ruby/gems/2.2.0/gems/web-console-2.3.0/lib/web_console/templates/_markup.html.erb (0.7ms)
  Rendered /Users/YamaguchiShosei/.rbenv/versions/2.2.3/lib/ruby/gems/2.2.0/gems/web-console-2.3.0/lib/web_console/templates/_inner_console_markup.html.erb within layouts/inlined_string (0.4ms)
  Rendered /Users/YamaguchiShosei/.rbenv/versions/2.2.3/lib/ruby/gems/2.2.0/gems/web-console-2.3.0/lib/web_console/templates/_prompt_box_markup.html.erb within layouts/inlined_string (0.4ms)
  Rendered /Users/YamaguchiShosei/.rbenv/versions/2.2.3/lib/ruby/gems/2.2.0/gems/web-console-2.3.0/lib/web_console/templates/style.css.erb within layouts/inlined_string (0.4ms)
  Rendered /Users/YamaguchiShosei/.rbenv/versions/2.2.3/lib/ruby/gems/2.2.0/gems/web-console-2.3.0/lib/web_console/templates/console.js.erb within layouts/javascript (80.3ms)
  Rendered /Users/YamaguchiShosei/.rbenv/versions/2.2.3/lib/ruby/gems/2.2.0/gems/web-console-2.3.0/lib/web_console/templates/main.js.erb within layouts/javascript (0.4ms)
  Rendered /Users/YamaguchiShosei/.rbenv/versions/2.2.3/lib/ruby/gems/2.2.0/gems/web-console-2.3.0/lib/web_console/templates/error_page.js.erb within layouts/javascript (0.4ms)
  Rendered /Users/YamaguchiShosei/.rbenv/versions/2.2.3/lib/ruby/gems/2.2.0/gems/web-console-2.3.0/lib/web_console/templates/index.html.erb (188.3ms)


Started GET "/" for ::1 at 2016-02-15 14:11:36 +0900
Processing by CommentsController#index as HTML
  Rendered comments/index.html.erb within layouts/application (0.1ms)
Completed 500 Internal Server Error in 12ms (ActiveRecord: 0.0ms)

ActionView::Template::Error (wrong number of arguments (3 for 1)):
    2: <html>
    3: <head>
    4:   <title>ReactRailsTutorial</title>
    5:   <%= stylesheet_link_tag    'application', media: 'all', 'data-turbolinks-track' => true %>
    6:   <%= javascript_include_tag 'application', 'data-turbolinks-track' => true %>
    7:   <%= csrf_meta_tags %>
    8: </head>
  app/assets/javascripts/application.js:15
  app/views/layouts/application.html.erb:5:in `_app_views_layouts_application_html_erb__2114189879161356404_70352571209040'


  Rendered /Users/YamaguchiShosei/.rbenv/versions/2.2.3/lib/ruby/gems/2.2.0/gems/actionpack-4.2.5.1/lib/action_dispatch/middleware/templates/rescues/_source.erb (9.7ms)
  Rendered /Users/YamaguchiShosei/.rbenv/versions/2.2.3/lib/ruby/gems/2.2.0/gems/actionpack-4.2.5.1/lib/action_dispatch/middleware/templates/rescues/_trace.html.erb (4.6ms)
  Rendered /Users/YamaguchiShosei/.rbenv/versions/2.2.3/lib/ruby/gems/2.2.0/gems/actionpack-4.2.5.1/lib/action_dispatch/middleware/templates/rescues/_request_and_response.html.erb (1.0ms)
  Rendered /Users/YamaguchiShosei/.rbenv/versions/2.2.3/lib/ruby/gems/2.2.0/gems/actionpack-4.2.5.1/lib/action_dispatch/middleware/templates/rescues/template_error.html.erb within rescues/layout (84.9ms)
  Rendered /Users/YamaguchiShosei/.rbenv/versions/2.2.3/lib/ruby/gems/2.2.0/gems/web-console-2.3.0/lib/web_console/templates/_markup.html.erb (0.5ms)
  Rendered /Users/YamaguchiShosei/.rbenv/versions/2.2.3/lib/ruby/gems/2.2.0/gems/web-console-2.3.0/lib/web_console/templates/_inner_console_markup.html.erb within layouts/inlined_string (0.5ms)
  Rendered /Users/YamaguchiShosei/.rbenv/versions/2.2.3/lib/ruby/gems/2.2.0/gems/web-console-2.3.0/lib/web_console/templates/_prompt_box_markup.html.erb within layouts/inlined_string (0.4ms)
  Rendered /Users/YamaguchiShosei/.rbenv/versions/2.2.3/lib/ruby/gems/2.2.0/gems/web-console-2.3.0/lib/web_console/templates/style.css.erb within layouts/inlined_string (0.6ms)
  Rendered /Users/YamaguchiShosei/.rbenv/versions/2.2.3/lib/ruby/gems/2.2.0/gems/web-console-2.3.0/lib/web_console/templates/console.js.erb within layouts/javascript (77.4ms)
  Rendered /Users/YamaguchiShosei/.rbenv/versions/2.2.3/lib/ruby/gems/2.2.0/gems/web-console-2.3.0/lib/web_console/templates/main.js.erb within layouts/javascript (0.9ms)
  Rendered /Users/YamaguchiShosei/.rbenv/versions/2.2.3/lib/ruby/gems/2.2.0/gems/web-console-2.3.0/lib/web_console/templates/error_page.js.erb within layouts/javascript (0.5ms)
  Rendered /Users/YamaguchiShosei/.rbenv/versions/2.2.3/lib/ruby/gems/2.2.0/gems/web-console-2.3.0/lib/web_console/templates/index.html.erb (170.4ms)


Started GET "/" for ::1 at 2016-02-15 14:17:26 +0900
Processing by CommentsController#index as HTML
  Rendered comments/index.html.erb within layouts/application (3.1ms)
Completed 500 Internal Server Error in 289ms (ActiveRecord: 0.0ms)

ActionView::Template::Error (wrong number of arguments (3 for 1)):
    2: <html>
    3: <head>
    4:   <title>ReactRailsTutorial</title>
    5:   <%= stylesheet_link_tag    'application', media: 'all', 'data-turbolinks-track' => true %>
    6: 
    7:   <%= csrf_meta_tags %>
    8: </head>
  app/assets/javascripts/application.js:15
  app/views/layouts/application.html.erb:5:in `_app_views_layouts_application_html_erb___2815094944981088981_70235387158800'


  Rendered /Users/YamaguchiShosei/.rbenv/versions/2.2.3/lib/ruby/gems/2.2.0/gems/actionpack-4.2.5.1/lib/action_dispatch/middleware/templates/rescues/_source.erb (18.7ms)
  Rendered /Users/YamaguchiShosei/.rbenv/versions/2.2.3/lib/ruby/gems/2.2.0/gems/actionpack-4.2.5.1/lib/action_dispatch/middleware/templates/rescues/_trace.html.erb (4.8ms)
  Rendered /Users/YamaguchiShosei/.rbenv/versions/2.2.3/lib/ruby/gems/2.2.0/gems/actionpack-4.2.5.1/lib/action_dispatch/middleware/templates/rescues/_request_and_response.html.erb (1.0ms)
  Rendered /Users/YamaguchiShosei/.rbenv/versions/2.2.3/lib/ruby/gems/2.2.0/gems/actionpack-4.2.5.1/lib/action_dispatch/middleware/templates/rescues/template_error.html.erb within rescues/layout (104.1ms)
  Rendered /Users/YamaguchiShosei/.rbenv/versions/2.2.3/lib/ruby/gems/2.2.0/gems/web-console-2.3.0/lib/web_console/templates/_markup.html.erb (0.7ms)
  Rendered /Users/YamaguchiShosei/.rbenv/versions/2.2.3/lib/ruby/gems/2.2.0/gems/web-console-2.3.0/lib/web_console/templates/_inner_console_markup.html.erb within layouts/inlined_string (0.5ms)
  Rendered /Users/YamaguchiShosei/.rbenv/versions/2.2.3/lib/ruby/gems/2.2.0/gems/web-console-2.3.0/lib/web_console/templates/_prompt_box_markup.html.erb within layouts/inlined_string (0.6ms)
  Rendered /Users/YamaguchiShosei/.rbenv/versions/2.2.3/lib/ruby/gems/2.2.0/gems/web-console-2.3.0/lib/web_console/templates/style.css.erb within layouts/inlined_string (0.4ms)
  Rendered /Users/YamaguchiShosei/.rbenv/versions/2.2.3/lib/ruby/gems/2.2.0/gems/web-console-2.3.0/lib/web_console/templates/console.js.erb within layouts/javascript (91.9ms)
  Rendered /Users/YamaguchiShosei/.rbenv/versions/2.2.3/lib/ruby/gems/2.2.0/gems/web-console-2.3.0/lib/web_console/templates/main.js.erb within layouts/javascript (0.5ms)
  Rendered /Users/YamaguchiShosei/.rbenv/versions/2.2.3/lib/ruby/gems/2.2.0/gems/web-console-2.3.0/lib/web_console/templates/error_page.js.erb within layouts/javascript (0.4ms)
  Rendered /Users/YamaguchiShosei/.rbenv/versions/2.2.3/lib/ruby/gems/2.2.0/gems/web-console-2.3.0/lib/web_console/templates/index.html.erb (205.2ms)


Started GET "/" for ::1 at 2016-02-15 14:17:49 +0900
Processing by CommentsController#index as HTML
  Rendered comments/index.html.erb within layouts/application (3.9ms)
Completed 200 OK in 39ms (Views: 24.2ms | ActiveRecord: 0.0ms)


Started GET "/" for ::1 at 2016-02-15 14:17:54 +0900
Processing by CommentsController#index as HTML
  Rendered comments/index.html.erb within layouts/application (0.1ms)
Completed 200 OK in 6ms (Views: 5.3ms | ActiveRecord: 0.0ms)


Started GET "/" for ::1 at 2016-02-15 14:18:04 +0900
Processing by CommentsController#index as HTML
  Rendered comments/index.html.erb within layouts/application (0.2ms)
Completed 500 Internal Server Error in 263ms (ActiveRecord: 0.0ms)

ActionView::Template::Error (wrong number of arguments (3 for 1)):
    2: <html>
    3: <head>
    4:   <title>ReactRailsTutorial</title>
    5:   <%= stylesheet_link_tag    'application', media: 'all', 'data-turbolinks-track' => true %>
    6:   <%= javascript_include_tag 'application', 'data-turbolinks-track' => true %>
    7:   <%= csrf_meta_tags %>
    8: </head>
  app/assets/javascripts/application.js:15
  app/views/layouts/application.html.erb:5:in `_app_views_layouts_application_html_erb___3048697873414670731_70094317673360'


  Rendered /Users/YamaguchiShosei/.rbenv/versions/2.2.3/lib/ruby/gems/2.2.0/gems/actionpack-4.2.5.1/lib/action_dispatch/middleware/templates/rescues/_source.erb (15.1ms)
  Rendered /Users/YamaguchiShosei/.rbenv/versions/2.2.3/lib/ruby/gems/2.2.0/gems/actionpack-4.2.5.1/lib/action_dispatch/middleware/templates/rescues/_trace.html.erb (6.0ms)
  Rendered /Users/YamaguchiShosei/.rbenv/versions/2.2.3/lib/ruby/gems/2.2.0/gems/actionpack-4.2.5.1/lib/action_dispatch/middleware/templates/rescues/_request_and_response.html.erb (1.4ms)
  Rendered /Users/YamaguchiShosei/.rbenv/versions/2.2.3/lib/ruby/gems/2.2.0/gems/actionpack-4.2.5.1/lib/action_dispatch/middleware/templates/rescues/template_error.html.erb within rescues/layout (98.5ms)
  Rendered /Users/YamaguchiShosei/.rbenv/versions/2.2.3/lib/ruby/gems/2.2.0/gems/web-console-2.3.0/lib/web_console/templates/_markup.html.erb (0.6ms)
  Rendered /Users/YamaguchiShosei/.rbenv/versions/2.2.3/lib/ruby/gems/2.2.0/gems/web-console-2.3.0/lib/web_console/templates/_inner_console_markup.html.erb within layouts/inlined_string (0.5ms)
  Rendered /Users/YamaguchiShosei/.rbenv/versions/2.2.3/lib/ruby/gems/2.2.0/gems/web-console-2.3.0/lib/web_console/templates/_prompt_box_markup.html.erb within layouts/inlined_string (0.5ms)
  Rendered /Users/YamaguchiShosei/.rbenv/versions/2.2.3/lib/ruby/gems/2.2.0/gems/web-console-2.3.0/lib/web_console/templates/style.css.erb within layouts/inlined_string (0.4ms)
  Rendered /Users/YamaguchiShosei/.rbenv/versions/2.2.3/lib/ruby/gems/2.2.0/gems/web-console-2.3.0/lib/web_console/templates/console.js.erb within layouts/javascript (80.7ms)
  Rendered /Users/YamaguchiShosei/.rbenv/versions/2.2.3/lib/ruby/gems/2.2.0/gems/web-console-2.3.0/lib/web_console/templates/main.js.erb within layouts/javascript (0.4ms)
  Rendered /Users/YamaguchiShosei/.rbenv/versions/2.2.3/lib/ruby/gems/2.2.0/gems/web-console-2.3.0/lib/web_console/templates/error_page.js.erb within layouts/javascript (0.6ms)
  Rendered /Users/YamaguchiShosei/.rbenv/versions/2.2.3/lib/ruby/gems/2.2.0/gems/web-console-2.3.0/lib/web_console/templates/index.html.erb (181.4ms)


Started GET "/" for ::1 at 2016-02-15 14:18:15 +0900
Processing by CommentsController#index as HTML
  Rendered comments/index.html.erb within layouts/application (0.1ms)
Completed 500 Internal Server Error in 13ms (ActiveRecord: 0.0ms)

ActionView::Template::Error (wrong number of arguments (3 for 1)):
    2: <html>
    3: <head>
    4:   <title>ReactRailsTutorial</title>
    5:   <%= stylesheet_link_tag    'application', media: 'all', 'data-turbolinks-track' => true %>
    6:   <%= javascript_include_tag 'application', 'data-turbolinks-track' => true %>
    7:   <%= csrf_meta_tags %>
    8: </head>
  app/assets/javascripts/application.js:15
  app/views/layouts/application.html.erb:5:in `_app_views_layouts_application_html_erb___3048697873414670731_70094317673360'


  Rendered /Users/YamaguchiShosei/.rbenv/versions/2.2.3/lib/ruby/gems/2.2.0/gems/actionpack-4.2.5.1/lib/action_dispatch/middleware/templates/rescues/_source.erb (8.8ms)
  Rendered /Users/YamaguchiShosei/.rbenv/versions/2.2.3/lib/ruby/gems/2.2.0/gems/actionpack-4.2.5.1/lib/action_dispatch/middleware/templates/rescues/_trace.html.erb (3.7ms)
  Rendered /Users/YamaguchiShosei/.rbenv/versions/2.2.3/lib/ruby/gems/2.2.0/gems/actionpack-4.2.5.1/lib/action_dispatch/middleware/templates/rescues/_request_and_response.html.erb (1.0ms)
  Rendered /Users/YamaguchiShosei/.rbenv/versions/2.2.3/lib/ruby/gems/2.2.0/gems/actionpack-4.2.5.1/lib/action_dispatch/middleware/templates/rescues/template_error.html.erb within rescues/layout (83.6ms)
  Rendered /Users/YamaguchiShosei/.rbenv/versions/2.2.3/lib/ruby/gems/2.2.0/gems/web-console-2.3.0/lib/web_console/templates/_markup.html.erb (0.7ms)
  Rendered /Users/YamaguchiShosei/.rbenv/versions/2.2.3/lib/ruby/gems/2.2.0/gems/web-console-2.3.0/lib/web_console/templates/_inner_console_markup.html.erb within layouts/inlined_string (0.4ms)
  Rendered /Users/YamaguchiShosei/.rbenv/versions/2.2.3/lib/ruby/gems/2.2.0/gems/web-console-2.3.0/lib/web_console/templates/_prompt_box_markup.html.erb within layouts/inlined_string (0.4ms)
  Rendered /Users/YamaguchiShosei/.rbenv/versions/2.2.3/lib/ruby/gems/2.2.0/gems/web-console-2.3.0/lib/web_console/templates/style.css.erb within layouts/inlined_string (0.4ms)
  Rendered /Users/YamaguchiShosei/.rbenv/versions/2.2.3/lib/ruby/gems/2.2.0/gems/web-console-2.3.0/lib/web_console/templates/console.js.erb within layouts/javascript (80.7ms)
  Rendered /Users/YamaguchiShosei/.rbenv/versions/2.2.3/lib/ruby/gems/2.2.0/gems/web-console-2.3.0/lib/web_console/templates/main.js.erb within layouts/javascript (0.3ms)
  Rendered /Users/YamaguchiShosei/.rbenv/versions/2.2.3/lib/ruby/gems/2.2.0/gems/web-console-2.3.0/lib/web_console/templates/error_page.js.erb within layouts/javascript (0.5ms)
  Rendered /Users/YamaguchiShosei/.rbenv/versions/2.2.3/lib/ruby/gems/2.2.0/gems/web-console-2.3.0/lib/web_console/templates/index.html.erb (173.2ms)


Started GET "/" for ::1 at 2016-02-15 14:19:24 +0900
Processing by CommentsController#index as HTML
  Rendered comments/index.html.erb within layouts/application (0.1ms)
Completed 200 OK in 3297ms (Views: 3296.2ms | ActiveRecord: 0.0ms)


Started GET "/assets/application.self-e80e8f2318043e8af94dddc2adad5a4f09739a8ebb323b3ab31cd71d45fd9113.css?body=1" for ::1 at 2016-02-15 14:19:28 +0900


Started GET "/assets/jquery_ujs.self-d602bdfe68ffc63b9f9cc512872aa3cfff046228a0a36e90dd476e8ef54c1b09.js?body=1" for ::1 at 2016-02-15 14:19:28 +0900


Started GET "/assets/turbolinks.self-c37727e9bd6b2735da5c311aa83fead54ed0be6cc8bd9a65309e9c5abe2cbfff.js?body=1" for ::1 at 2016-02-15 14:19:28 +0900


Started GET "/assets/jquery.self-c64a74367bda6ef8b860f19e74df08927ca99d2be2ac934e9e92d5fd361e0da4.js?body=1" for ::1 at 2016-02-15 14:19:28 +0900


Started GET "/assets/development/react.self-fede65fd9a4acabec5ef1256b80983a6e6e8a68dec5eca279f6923ca213f7228.js?body=1" for ::1 at 2016-02-15 14:19:28 +0900


Started GET "/assets/components/comment_box.self-73d035223443fdfacf38a7fe136034749440077b8409b5fdae44391da38c829f.js?body=1" for ::1 at 2016-02-15 14:19:28 +0900


Started GET "/assets/components.self-e3b0c44298fc1c149afbf4c8996fb92427ae41e4649b934ca495991b7852b855.js?body=1" for ::1 at 2016-02-15 14:19:28 +0900


Started GET "/assets/react_ujs.self-06684ab54101bce1b455802d71af1f7157c37b116c4b0c40b3c3b3dd8aee150d.js?body=1" for ::1 at 2016-02-15 14:19:28 +0900


Started GET "/assets/comments.self-877aef30ae1b040ab8a3aba4e3e309a11d7f2612f44dde450b5c157aa5f95c05.js?body=1" for ::1 at 2016-02-15 14:19:28 +0900


Started GET "/assets/comments.self-e3b0c44298fc1c149afbf4c8996fb92427ae41e4649b934ca495991b7852b855.css?body=1" for ::1 at 2016-02-15 14:19:28 +0900


Started GET "/assets/application.self-10ad0916cf31256fe71785e8dc9cc297a96b1cdf7b74aeb61711199b9a3d003f.js?body=1" for ::1 at 2016-02-15 14:19:28 +0900


Started GET "/" for ::1 at 2016-02-15 14:19:30 +0900
Processing by CommentsController#index as HTML
  Rendered comments/index.html.erb within layouts/application (0.7ms)
Completed 200 OK in 46ms (Views: 44.9ms | ActiveRecord: 0.0ms)


Started GET "/assets/application.self-e80e8f2318043e8af94dddc2adad5a4f09739a8ebb323b3ab31cd71d45fd9113.css?body=1" for ::1 at 2016-02-15 14:19:30 +0900


Started GET "/assets/jquery.self-c64a74367bda6ef8b860f19e74df08927ca99d2be2ac934e9e92d5fd361e0da4.js?body=1" for ::1 at 2016-02-15 14:19:30 +0900


Started GET "/assets/comments.self-e3b0c44298fc1c149afbf4c8996fb92427ae41e4649b934ca495991b7852b855.css?body=1" for ::1 at 2016-02-15 14:19:30 +0900


Started GET "/assets/jquery_ujs.self-d602bdfe68ffc63b9f9cc512872aa3cfff046228a0a36e90dd476e8ef54c1b09.js?body=1" for ::1 at 2016-02-15 14:19:30 +0900


Started GET "/assets/turbolinks.self-c37727e9bd6b2735da5c311aa83fead54ed0be6cc8bd9a65309e9c5abe2cbfff.js?body=1" for ::1 at 2016-02-15 14:19:30 +0900


Started GET "/assets/development/react.self-fede65fd9a4acabec5ef1256b80983a6e6e8a68dec5eca279f6923ca213f7228.js?body=1" for ::1 at 2016-02-15 14:19:31 +0900


Started GET "/assets/components/comment_box.self-73d035223443fdfacf38a7fe136034749440077b8409b5fdae44391da38c829f.js?body=1" for ::1 at 2016-02-15 14:19:31 +0900


Started GET "/assets/react_ujs.self-06684ab54101bce1b455802d71af1f7157c37b116c4b0c40b3c3b3dd8aee150d.js?body=1" for ::1 at 2016-02-15 14:19:31 +0900


Started GET "/assets/components.self-e3b0c44298fc1c149afbf4c8996fb92427ae41e4649b934ca495991b7852b855.js?body=1" for ::1 at 2016-02-15 14:19:31 +0900


Started GET "/assets/comments.self-877aef30ae1b040ab8a3aba4e3e309a11d7f2612f44dde450b5c157aa5f95c05.js?body=1" for ::1 at 2016-02-15 14:19:31 +0900


Started GET "/assets/application.self-10ad0916cf31256fe71785e8dc9cc297a96b1cdf7b74aeb61711199b9a3d003f.js?body=1" for ::1 at 2016-02-15 14:19:31 +0900


Started GET "/" for ::1 at 2016-02-15 14:20:06 +0900
Processing by CommentsController#index as HTML
  Rendered comments/index.html.erb within layouts/application (3.4ms)
Completed 200 OK in 402ms (Views: 389.8ms | ActiveRecord: 0.0ms)


Started GET "/assets/application.self-e80e8f2318043e8af94dddc2adad5a4f09739a8ebb323b3ab31cd71d45fd9113.css?body=1" for ::1 at 2016-02-15 14:20:07 +0900


Started GET "/assets/turbolinks.self-c37727e9bd6b2735da5c311aa83fead54ed0be6cc8bd9a65309e9c5abe2cbfff.js?body=1" for ::1 at 2016-02-15 14:20:07 +0900


Started GET "/assets/react_ujs.self-06684ab54101bce1b455802d71af1f7157c37b116c4b0c40b3c3b3dd8aee150d.js?body=1" for ::1 at 2016-02-15 14:20:07 +0900


Started GET "/assets/jquery_ujs.self-d602bdfe68ffc63b9f9cc512872aa3cfff046228a0a36e90dd476e8ef54c1b09.js?body=1" for ::1 at 2016-02-15 14:20:07 +0900


Started GET "/assets/components/comment_box.self-73d035223443fdfacf38a7fe136034749440077b8409b5fdae44391da38c829f.js?body=1" for ::1 at 2016-02-15 14:20:07 +0900


Started GET "/assets/development/react.self-fede65fd9a4acabec5ef1256b80983a6e6e8a68dec5eca279f6923ca213f7228.js?body=1" for ::1 at 2016-02-15 14:20:08 +0900


Started GET "/assets/jquery.self-c64a74367bda6ef8b860f19e74df08927ca99d2be2ac934e9e92d5fd361e0da4.js?body=1" for ::1 at 2016-02-15 14:20:08 +0900


Started GET "/assets/comments.self-e3b0c44298fc1c149afbf4c8996fb92427ae41e4649b934ca495991b7852b855.css?body=1" for ::1 at 2016-02-15 14:20:08 +0900


Started GET "/assets/application.self-10ad0916cf31256fe71785e8dc9cc297a96b1cdf7b74aeb61711199b9a3d003f.js?body=1" for ::1 at 2016-02-15 14:20:08 +0900


Started GET "/assets/comments.self-877aef30ae1b040ab8a3aba4e3e309a11d7f2612f44dde450b5c157aa5f95c05.js?body=1" for ::1 at 2016-02-15 14:20:08 +0900


Started GET "/assets/components.self-e3b0c44298fc1c149afbf4c8996fb92427ae41e4649b934ca495991b7852b855.js?body=1" for ::1 at 2016-02-15 14:20:08 +0900


Started GET "/" for ::1 at 2016-02-15 14:20:39 +0900
Processing by CommentsController#index as HTML
  Rendered comments/index.html.erb within layouts/application (0.2ms)
Completed 200 OK in 29ms (Views: 28.1ms | ActiveRecord: 0.0ms)


Started GET "/assets/application.self-e80e8f2318043e8af94dddc2adad5a4f09739a8ebb323b3ab31cd71d45fd9113.css?body=1" for ::1 at 2016-02-15 14:20:40 +0900


Started GET "/assets/jquery_ujs.self-d602bdfe68ffc63b9f9cc512872aa3cfff046228a0a36e90dd476e8ef54c1b09.js?body=1" for ::1 at 2016-02-15 14:20:40 +0900


Started GET "/assets/turbolinks.self-c37727e9bd6b2735da5c311aa83fead54ed0be6cc8bd9a65309e9c5abe2cbfff.js?body=1" for ::1 at 2016-02-15 14:20:40 +0900


Started GET "/assets/development/react.self-fede65fd9a4acabec5ef1256b80983a6e6e8a68dec5eca279f6923ca213f7228.js?body=1" for ::1 at 2016-02-15 14:20:40 +0900


Started GET "/assets/jquery.self-c64a74367bda6ef8b860f19e74df08927ca99d2be2ac934e9e92d5fd361e0da4.js?body=1" for ::1 at 2016-02-15 14:20:40 +0900


Started GET "/assets/comments.self-e3b0c44298fc1c149afbf4c8996fb92427ae41e4649b934ca495991b7852b855.css?body=1" for ::1 at 2016-02-15 14:20:40 +0900


Started GET "/assets/react_ujs.self-06684ab54101bce1b455802d71af1f7157c37b116c4b0c40b3c3b3dd8aee150d.js?body=1" for ::1 at 2016-02-15 14:20:40 +0900


Started GET "/assets/components/comment_box.self-73d035223443fdfacf38a7fe136034749440077b8409b5fdae44391da38c829f.js?body=1" for ::1 at 2016-02-15 14:20:40 +0900


Started GET "/assets/components.self-e3b0c44298fc1c149afbf4c8996fb92427ae41e4649b934ca495991b7852b855.js?body=1" for ::1 at 2016-02-15 14:20:40 +0900


Started GET "/assets/comments.self-877aef30ae1b040ab8a3aba4e3e309a11d7f2612f44dde450b5c157aa5f95c05.js?body=1" for ::1 at 2016-02-15 14:20:40 +0900


Started GET "/assets/application.self-10ad0916cf31256fe71785e8dc9cc297a96b1cdf7b74aeb61711199b9a3d003f.js?body=1" for ::1 at 2016-02-15 14:20:40 +0900


Started GET "/commnets" for ::1 at 2016-02-15 14:21:12 +0900

ActionController::RoutingError (No route matches [GET] "/commnets"):
  actionpack (4.2.5.1) lib/action_dispatch/middleware/debug_exceptions.rb:21:in `call'
  web-console (2.3.0) lib/web_console/middleware.rb:28:in `block in call'
  web-console (2.3.0) lib/web_console/middleware.rb:18:in `catch'
  web-console (2.3.0) lib/web_console/middleware.rb:18:in `call'
  actionpack (4.2.5.1) lib/action_dispatch/middleware/show_exceptions.rb:30:in `call'
  railties (4.2.5.1) lib/rails/rack/logger.rb:38:in `call_app'
  railties (4.2.5.1) lib/rails/rack/logger.rb:20:in `block in call'
  activesupport (4.2.5.1) lib/active_support/tagged_logging.rb:68:in `block in tagged'
  activesupport (4.2.5.1) lib/active_support/tagged_logging.rb:26:in `tagged'
  activesupport (4.2.5.1) lib/active_support/tagged_logging.rb:68:in `tagged'
  railties (4.2.5.1) lib/rails/rack/logger.rb:20:in `call'
  actionpack (4.2.5.1) lib/action_dispatch/middleware/request_id.rb:21:in `call'
  rack (1.6.4) lib/rack/methodoverride.rb:22:in `call'
  rack (1.6.4) lib/rack/runtime.rb:18:in `call'
  activesupport (4.2.5.1) lib/active_support/cache/strategy/local_cache_middleware.rb:28:in `call'
  rack (1.6.4) lib/rack/lock.rb:17:in `call'
  actionpack (4.2.5.1) lib/action_dispatch/middleware/static.rb:116:in `call'
  rack (1.6.4) lib/rack/sendfile.rb:113:in `call'
  railties (4.2.5.1) lib/rails/engine.rb:518:in `call'
  railties (4.2.5.1) lib/rails/application.rb:165:in `call'
  rack (1.6.4) lib/rack/lock.rb:17:in `call'
  rack (1.6.4) lib/rack/content_length.rb:15:in `call'
  rack (1.6.4) lib/rack/handler/webrick.rb:88:in `service'
  /Users/YamaguchiShosei/.rbenv/versions/2.2.3/lib/ruby/2.2.0/webrick/httpserver.rb:138:in `service'
  /Users/YamaguchiShosei/.rbenv/versions/2.2.3/lib/ruby/2.2.0/webrick/httpserver.rb:94:in `run'
  /Users/YamaguchiShosei/.rbenv/versions/2.2.3/lib/ruby/2.2.0/webrick/server.rb:294:in `block in start_thread'


  Rendered /Users/YamaguchiShosei/.rbenv/versions/2.2.3/lib/ruby/gems/2.2.0/gems/actionpack-4.2.5.1/lib/action_dispatch/middleware/templates/rescues/_trace.html.erb (2.5ms)
  Rendered /Users/YamaguchiShosei/.rbenv/versions/2.2.3/lib/ruby/gems/2.2.0/gems/actionpack-4.2.5.1/lib/action_dispatch/middleware/templates/routes/_route.html.erb (1.3ms)
  Rendered /Users/YamaguchiShosei/.rbenv/versions/2.2.3/lib/ruby/gems/2.2.0/gems/actionpack-4.2.5.1/lib/action_dispatch/middleware/templates/routes/_table.html.erb (16.8ms)
  Rendered /Users/YamaguchiShosei/.rbenv/versions/2.2.3/lib/ruby/gems/2.2.0/gems/actionpack-4.2.5.1/lib/action_dispatch/middleware/templates/rescues/_request_and_response.html.erb (3.3ms)
  Rendered /Users/YamaguchiShosei/.rbenv/versions/2.2.3/lib/ruby/gems/2.2.0/gems/actionpack-4.2.5.1/lib/action_dispatch/middleware/templates/rescues/routing_error.html.erb within rescues/layout (137.4ms)
  Rendered /Users/YamaguchiShosei/.rbenv/versions/2.2.3/lib/ruby/gems/2.2.0/gems/web-console-2.3.0/lib/web_console/templates/_markup.html.erb (1.5ms)
  Rendered /Users/YamaguchiShosei/.rbenv/versions/2.2.3/lib/ruby/gems/2.2.0/gems/web-console-2.3.0/lib/web_console/templates/_inner_console_markup.html.erb within layouts/inlined_string (0.6ms)
  Rendered /Users/YamaguchiShosei/.rbenv/versions/2.2.3/lib/ruby/gems/2.2.0/gems/web-console-2.3.0/lib/web_console/templates/_prompt_box_markup.html.erb within layouts/inlined_string (0.7ms)
  Rendered /Users/YamaguchiShosei/.rbenv/versions/2.2.3/lib/ruby/gems/2.2.0/gems/web-console-2.3.0/lib/web_console/templates/style.css.erb within layouts/inlined_string (0.7ms)
  Rendered /Users/YamaguchiShosei/.rbenv/versions/2.2.3/lib/ruby/gems/2.2.0/gems/web-console-2.3.0/lib/web_console/templates/console.js.erb within layouts/javascript (89.4ms)
  Rendered /Users/YamaguchiShosei/.rbenv/versions/2.2.3/lib/ruby/gems/2.2.0/gems/web-console-2.3.0/lib/web_console/templates/main.js.erb within layouts/javascript (0.4ms)
  Rendered /Users/YamaguchiShosei/.rbenv/versions/2.2.3/lib/ruby/gems/2.2.0/gems/web-console-2.3.0/lib/web_console/templates/error_page.js.erb within layouts/javascript (1.1ms)
  Rendered /Users/YamaguchiShosei/.rbenv/versions/2.2.3/lib/ruby/gems/2.2.0/gems/web-console-2.3.0/lib/web_console/templates/index.html.erb (229.4ms)


Started GET "/" for ::1 at 2016-02-15 14:21:20 +0900
Processing by CommentsController#index as HTML
  Rendered comments/index.html.erb within layouts/application (0.1ms)
Completed 200 OK in 39ms (Views: 38.0ms | ActiveRecord: 0.0ms)


Started GET "/" for ::1 at 2016-02-15 14:22:41 +0900
Processing by CommentsController#index as HTML
  Rendered comments/index.html.erb within layouts/application (0.2ms)
Completed 200 OK in 1869ms (Views: 1868.2ms | ActiveRecord: 0.0ms)


Started GET "/assets/comments.self-e3b0c44298fc1c149afbf4c8996fb92427ae41e4649b934ca495991b7852b855.css?body=1" for ::1 at 2016-02-15 14:22:43 +0900


Started GET "/assets/application.self-e80e8f2318043e8af94dddc2adad5a4f09739a8ebb323b3ab31cd71d45fd9113.css?body=1" for ::1 at 2016-02-15 14:22:43 +0900


Started GET "/assets/jquery.self-c64a74367bda6ef8b860f19e74df08927ca99d2be2ac934e9e92d5fd361e0da4.js?body=1" for ::1 at 2016-02-15 14:22:43 +0900


Started GET "/assets/components/comment_box.self-b245abd28be634d27906dcc6dea9bf86cd54f409bd4d0d9abe837af56af37a7a.js?body=1" for ::1 at 2016-02-15 14:22:43 +0900


Started GET "/assets/turbolinks.self-c37727e9bd6b2735da5c311aa83fead54ed0be6cc8bd9a65309e9c5abe2cbfff.js?body=1" for ::1 at 2016-02-15 14:22:43 +0900


Started GET "/assets/jquery_ujs.self-d602bdfe68ffc63b9f9cc512872aa3cfff046228a0a36e90dd476e8ef54c1b09.js?body=1" for ::1 at 2016-02-15 14:22:43 +0900


Started GET "/assets/development/react.self-fede65fd9a4acabec5ef1256b80983a6e6e8a68dec5eca279f6923ca213f7228.js?body=1" for ::1 at 2016-02-15 14:22:43 +0900


Started GET "/assets/comments.self-877aef30ae1b040ab8a3aba4e3e309a11d7f2612f44dde450b5c157aa5f95c05.js?body=1" for ::1 at 2016-02-15 14:22:43 +0900


Started GET "/assets/application.self-10ad0916cf31256fe71785e8dc9cc297a96b1cdf7b74aeb61711199b9a3d003f.js?body=1" for ::1 at 2016-02-15 14:22:43 +0900


Started GET "/assets/react_ujs.self-06684ab54101bce1b455802d71af1f7157c37b116c4b0c40b3c3b3dd8aee150d.js?body=1" for ::1 at 2016-02-15 14:22:43 +0900


Started GET "/assets/components.self-e3b0c44298fc1c149afbf4c8996fb92427ae41e4649b934ca495991b7852b855.js?body=1" for ::1 at 2016-02-15 14:22:43 +0900


Started GET "/" for ::1 at 2016-02-15 14:45:36 +0900
Processing by CommentsController#index as HTML
  Rendered comments/index.html.erb within layouts/application (2.8ms)
Completed 200 OK in 2653ms (Views: 2639.8ms | ActiveRecord: 0.0ms)


Started GET "/assets/comments.self-e3b0c44298fc1c149afbf4c8996fb92427ae41e4649b934ca495991b7852b855.css?body=1" for ::1 at 2016-02-15 14:45:39 +0900


Started GET "/assets/jquery.self-c64a74367bda6ef8b860f19e74df08927ca99d2be2ac934e9e92d5fd361e0da4.js?body=1" for ::1 at 2016-02-15 14:45:39 +0900


Started GET "/assets/components/comment_box.self-e732712857f59ec037e8260171fa7373f3c776fd8366e2c944693261337b3d11.js?body=1" for ::1 at 2016-02-15 14:45:39 +0900


Started GET "/assets/jquery_ujs.self-d602bdfe68ffc63b9f9cc512872aa3cfff046228a0a36e90dd476e8ef54c1b09.js?body=1" for ::1 at 2016-02-15 14:45:39 +0900


Started GET "/assets/turbolinks.self-c37727e9bd6b2735da5c311aa83fead54ed0be6cc8bd9a65309e9c5abe2cbfff.js?body=1" for ::1 at 2016-02-15 14:45:39 +0900


Started GET "/assets/development/react.self-fede65fd9a4acabec5ef1256b80983a6e6e8a68dec5eca279f6923ca213f7228.js?body=1" for ::1 at 2016-02-15 14:45:39 +0900


Started GET "/assets/comments.self-877aef30ae1b040ab8a3aba4e3e309a11d7f2612f44dde450b5c157aa5f95c05.js?body=1" for ::1 at 2016-02-15 14:45:39 +0900


Started GET "/assets/react_ujs.self-06684ab54101bce1b455802d71af1f7157c37b116c4b0c40b3c3b3dd8aee150d.js?body=1" for ::1 at 2016-02-15 14:45:39 +0900


Started GET "/assets/components.self-e3b0c44298fc1c149afbf4c8996fb92427ae41e4649b934ca495991b7852b855.js?body=1" for ::1 at 2016-02-15 14:45:39 +0900


Started GET "/assets/application.self-e80e8f2318043e8af94dddc2adad5a4f09739a8ebb323b3ab31cd71d45fd9113.css?body=1" for ::1 at 2016-02-15 14:45:39 +0900


Started GET "/assets/application.self-10ad0916cf31256fe71785e8dc9cc297a96b1cdf7b74aeb61711199b9a3d003f.js?body=1" for ::1 at 2016-02-15 14:45:39 +0900


Started GET "/" for ::1 at 2016-02-15 14:45:46 +0900
Processing by CommentsController#index as HTML
  Rendered comments/index.html.erb within layouts/application (0.2ms)
Completed 200 OK in 78ms (Views: 76.6ms | ActiveRecord: 0.0ms)


Started GET "/" for ::1 at 2016-02-15 14:46:56 +0900
Processing by CommentsController#index as HTML
  Rendered comments/index.html.erb within layouts/application (0.5ms)
Completed 200 OK in 43ms (Views: 42.0ms | ActiveRecord: 0.0ms)


Started GET "/assets/comments.self-e3b0c44298fc1c149afbf4c8996fb92427ae41e4649b934ca495991b7852b855.css?body=1" for ::1 at 2016-02-15 14:46:56 +0900


Started GET "/assets/application.self-e80e8f2318043e8af94dddc2adad5a4f09739a8ebb323b3ab31cd71d45fd9113.css?body=1" for ::1 at 2016-02-15 14:46:56 +0900


Started GET "/assets/jquery_ujs.self-d602bdfe68ffc63b9f9cc512872aa3cfff046228a0a36e90dd476e8ef54c1b09.js?body=1" for ::1 at 2016-02-15 14:46:56 +0900


Started GET "/assets/turbolinks.self-c37727e9bd6b2735da5c311aa83fead54ed0be6cc8bd9a65309e9c5abe2cbfff.js?body=1" for ::1 at 2016-02-15 14:46:56 +0900


Started GET "/assets/development/react.self-fede65fd9a4acabec5ef1256b80983a6e6e8a68dec5eca279f6923ca213f7228.js?body=1" for ::1 at 2016-02-15 14:46:56 +0900


Started GET "/assets/jquery.self-c64a74367bda6ef8b860f19e74df08927ca99d2be2ac934e9e92d5fd361e0da4.js?body=1" for ::1 at 2016-02-15 14:46:56 +0900


Started GET "/assets/comments.self-877aef30ae1b040ab8a3aba4e3e309a11d7f2612f44dde450b5c157aa5f95c05.js?body=1" for ::1 at 2016-02-15 14:46:56 +0900


Started GET "/assets/components.self-e3b0c44298fc1c149afbf4c8996fb92427ae41e4649b934ca495991b7852b855.js?body=1" for ::1 at 2016-02-15 14:46:56 +0900


Started GET "/assets/react_ujs.self-06684ab54101bce1b455802d71af1f7157c37b116c4b0c40b3c3b3dd8aee150d.js?body=1" for ::1 at 2016-02-15 14:46:56 +0900


Started GET "/assets/components/comment_box.self-e732712857f59ec037e8260171fa7373f3c776fd8366e2c944693261337b3d11.js?body=1" for ::1 at 2016-02-15 14:46:56 +0900


Started GET "/assets/application.self-10ad0916cf31256fe71785e8dc9cc297a96b1cdf7b74aeb61711199b9a3d003f.js?body=1" for ::1 at 2016-02-15 14:46:56 +0900


Started GET "/" for ::1 at 2016-02-15 14:48:10 +0900
Processing by CommentsController#index as HTML
  Rendered comments/index.html.erb within layouts/application (0.1ms)
Completed 200 OK in 1204ms (Views: 1202.5ms | ActiveRecord: 0.0ms)


Started GET "/assets/comments.self-e3b0c44298fc1c149afbf4c8996fb92427ae41e4649b934ca495991b7852b855.css?body=1" for ::1 at 2016-02-15 14:48:11 +0900


Started GET "/assets/application.self-e80e8f2318043e8af94dddc2adad5a4f09739a8ebb323b3ab31cd71d45fd9113.css?body=1" for ::1 at 2016-02-15 14:48:11 +0900


Started GET "/assets/jquery.self-c64a74367bda6ef8b860f19e74df08927ca99d2be2ac934e9e92d5fd361e0da4.js?body=1" for ::1 at 2016-02-15 14:48:11 +0900


Started GET "/assets/development/react.self-fede65fd9a4acabec5ef1256b80983a6e6e8a68dec5eca279f6923ca213f7228.js?body=1" for ::1 at 2016-02-15 14:48:11 +0900


Started GET "/assets/jquery_ujs.self-d602bdfe68ffc63b9f9cc512872aa3cfff046228a0a36e90dd476e8ef54c1b09.js?body=1" for ::1 at 2016-02-15 14:48:11 +0900


Started GET "/assets/turbolinks.self-c37727e9bd6b2735da5c311aa83fead54ed0be6cc8bd9a65309e9c5abe2cbfff.js?body=1" for ::1 at 2016-02-15 14:48:11 +0900


Started GET "/assets/components/comment_box.self-9c45477ee3af0ce30c4063be74c785fa9c0db3bd8587ba8add21f658f075c497.js?body=1" for ::1 at 2016-02-15 14:48:11 +0900


Started GET "/assets/react_ujs.self-06684ab54101bce1b455802d71af1f7157c37b116c4b0c40b3c3b3dd8aee150d.js?body=1" for ::1 at 2016-02-15 14:48:11 +0900


Started GET "/assets/components.self-e3b0c44298fc1c149afbf4c8996fb92427ae41e4649b934ca495991b7852b855.js?body=1" for ::1 at 2016-02-15 14:48:11 +0900


Started GET "/assets/application.self-10ad0916cf31256fe71785e8dc9cc297a96b1cdf7b74aeb61711199b9a3d003f.js?body=1" for ::1 at 2016-02-15 14:48:11 +0900


Started GET "/assets/comments.self-877aef30ae1b040ab8a3aba4e3e309a11d7f2612f44dde450b5c157aa5f95c05.js?body=1" for ::1 at 2016-02-15 14:48:11 +0900


Started GET "/" for ::1 at 2016-02-15 15:02:28 +0900
Processing by CommentsController#index as HTML
  Rendered comments/index.html.erb within layouts/application (0.2ms)
Completed 200 OK in 1044ms (Views: 1042.7ms | ActiveRecord: 0.0ms)


Started GET "/assets/comments.self-e3b0c44298fc1c149afbf4c8996fb92427ae41e4649b934ca495991b7852b855.css?body=1" for ::1 at 2016-02-15 15:02:29 +0900


Started GET "/assets/jquery.self-c64a74367bda6ef8b860f19e74df08927ca99d2be2ac934e9e92d5fd361e0da4.js?body=1" for ::1 at 2016-02-15 15:02:29 +0900


Started GET "/assets/application.self-e80e8f2318043e8af94dddc2adad5a4f09739a8ebb323b3ab31cd71d45fd9113.css?body=1" for ::1 at 2016-02-15 15:02:29 +0900


Started GET "/assets/turbolinks.self-c37727e9bd6b2735da5c311aa83fead54ed0be6cc8bd9a65309e9c5abe2cbfff.js?body=1" for ::1 at 2016-02-15 15:02:29 +0900


Started GET "/assets/jquery_ujs.self-d602bdfe68ffc63b9f9cc512872aa3cfff046228a0a36e90dd476e8ef54c1b09.js?body=1" for ::1 at 2016-02-15 15:02:29 +0900


Started GET "/assets/development/react.self-fede65fd9a4acabec5ef1256b80983a6e6e8a68dec5eca279f6923ca213f7228.js?body=1" for ::1 at 2016-02-15 15:02:29 +0900


Started GET "/assets/react_ujs.self-06684ab54101bce1b455802d71af1f7157c37b116c4b0c40b3c3b3dd8aee150d.js?body=1" for ::1 at 2016-02-15 15:02:29 +0900


Started GET "/assets/components/comment_box.self-9f2fa1d6905c8c2206d1eda42b5c969101a098d361264a0e5330fcc827164252.js?body=1" for ::1 at 2016-02-15 15:02:29 +0900


Started GET "/assets/components.self-e3b0c44298fc1c149afbf4c8996fb92427ae41e4649b934ca495991b7852b855.js?body=1" for ::1 at 2016-02-15 15:02:29 +0900


Started GET "/assets/comments.self-877aef30ae1b040ab8a3aba4e3e309a11d7f2612f44dde450b5c157aa5f95c05.js?body=1" for ::1 at 2016-02-15 15:02:29 +0900


Started GET "/assets/application.self-10ad0916cf31256fe71785e8dc9cc297a96b1cdf7b74aeb61711199b9a3d003f.js?body=1" for ::1 at 2016-02-15 15:02:29 +0900


Started GET "/" for ::1 at 2016-02-15 15:25:41 +0900
Processing by CommentsController#index as HTML
  Rendered comments/index.html.erb within layouts/application (0.4ms)
Completed 500 Internal Server Error in 76ms (ActiveRecord: 0.0ms)

ActionView::Template::Error (couldn't find file 'marked' with type 'application/javascript'):
    3: <head>
    4:   <title>ReactRailsTutorial</title>
    5:   <%= stylesheet_link_tag    'application', media: 'all', 'data-turbolinks-track' => true %>
    6:   <%= javascript_include_tag 'application', 'data-turbolinks-track' => true %>
    7:   <%= csrf_meta_tags %>
    8: </head>
    9: <body>
  app/assets/javascripts/application.js:19
  app/views/layouts/application.html.erb:6:in `_app_views_layouts_application_html_erb__1794458361949293732_70313236810820'


  Rendered /Users/YamaguchiShosei/.rbenv/versions/2.2.3/lib/ruby/gems/2.2.0/gems/actionpack-4.2.5.1/lib/action_dispatch/middleware/templates/rescues/_source.erb (11.5ms)
  Rendered /Users/YamaguchiShosei/.rbenv/versions/2.2.3/lib/ruby/gems/2.2.0/gems/actionpack-4.2.5.1/lib/action_dispatch/middleware/templates/rescues/_trace.html.erb (4.3ms)
  Rendered /Users/YamaguchiShosei/.rbenv/versions/2.2.3/lib/ruby/gems/2.2.0/gems/actionpack-4.2.5.1/lib/action_dispatch/middleware/templates/rescues/_request_and_response.html.erb (1.1ms)
  Rendered /Users/YamaguchiShosei/.rbenv/versions/2.2.3/lib/ruby/gems/2.2.0/gems/actionpack-4.2.5.1/lib/action_dispatch/middleware/templates/rescues/template_error.html.erb within rescues/layout (97.3ms)
  Rendered /Users/YamaguchiShosei/.rbenv/versions/2.2.3/lib/ruby/gems/2.2.0/gems/web-console-2.3.0/lib/web_console/templates/_markup.html.erb (0.5ms)
  Rendered /Users/YamaguchiShosei/.rbenv/versions/2.2.3/lib/ruby/gems/2.2.0/gems/web-console-2.3.0/lib/web_console/templates/_inner_console_markup.html.erb within layouts/inlined_string (0.6ms)
  Rendered /Users/YamaguchiShosei/.rbenv/versions/2.2.3/lib/ruby/gems/2.2.0/gems/web-console-2.3.0/lib/web_console/templates/_prompt_box_markup.html.erb within layouts/inlined_string (0.4ms)
  Rendered /Users/YamaguchiShosei/.rbenv/versions/2.2.3/lib/ruby/gems/2.2.0/gems/web-console-2.3.0/lib/web_console/templates/style.css.erb within layouts/inlined_string (0.5ms)
  Rendered /Users/YamaguchiShosei/.rbenv/versions/2.2.3/lib/ruby/gems/2.2.0/gems/web-console-2.3.0/lib/web_console/templates/console.js.erb within layouts/javascript (109.1ms)
  Rendered /Users/YamaguchiShosei/.rbenv/versions/2.2.3/lib/ruby/gems/2.2.0/gems/web-console-2.3.0/lib/web_console/templates/main.js.erb within layouts/javascript (0.4ms)
  Rendered /Users/YamaguchiShosei/.rbenv/versions/2.2.3/lib/ruby/gems/2.2.0/gems/web-console-2.3.0/lib/web_console/templates/error_page.js.erb within layouts/javascript (0.6ms)
  Rendered /Users/YamaguchiShosei/.rbenv/versions/2.2.3/lib/ruby/gems/2.2.0/gems/web-console-2.3.0/lib/web_console/templates/index.html.erb (211.7ms)


Started GET "/" for ::1 at 2016-02-15 15:26:13 +0900
Processing by CommentsController#index as HTML
  Rendered comments/index.html.erb within layouts/application (3.0ms)
Completed 200 OK in 2895ms (Views: 2882.4ms | ActiveRecord: 0.0ms)


Started GET "/assets/marked.self-d5439e0eb94f719b9cd1f974aad01c015b89b071dd66fb546bff95d22bc602ec.js?body=1" for ::1 at 2016-02-15 15:26:16 +0900


Started GET "/assets/jquery.self-c64a74367bda6ef8b860f19e74df08927ca99d2be2ac934e9e92d5fd361e0da4.js?body=1" for ::1 at 2016-02-15 15:26:16 +0900


Started GET "/assets/components/comment_box.self-abb25a273577d5542ecd3215af2c5f6bd28c8e35729f8bf55e5863a592346258.js?body=1" for ::1 at 2016-02-15 15:26:16 +0900


Started GET "/assets/application.self-a1a74291c4c48f2f663a025ffa678498d6448b849a2d74c0ca25e39ee192c0a7.js?body=1" for ::1 at 2016-02-15 15:26:16 +0900


Started GET "/assets/comments.self-e3b0c44298fc1c149afbf4c8996fb92427ae41e4649b934ca495991b7852b855.css?body=1" for ::1 at 2016-02-15 15:26:16 +0900


Started GET "/assets/application.self-e80e8f2318043e8af94dddc2adad5a4f09739a8ebb323b3ab31cd71d45fd9113.css?body=1" for ::1 at 2016-02-15 15:26:16 +0900


Started GET "/assets/jquery_ujs.self-d602bdfe68ffc63b9f9cc512872aa3cfff046228a0a36e90dd476e8ef54c1b09.js?body=1" for ::1 at 2016-02-15 15:26:16 +0900


Started GET "/assets/turbolinks.self-c37727e9bd6b2735da5c311aa83fead54ed0be6cc8bd9a65309e9c5abe2cbfff.js?body=1" for ::1 at 2016-02-15 15:26:16 +0900


Started GET "/assets/development/react.self-fede65fd9a4acabec5ef1256b80983a6e6e8a68dec5eca279f6923ca213f7228.js?body=1" for ::1 at 2016-02-15 15:26:16 +0900


Started GET "/assets/react_ujs.self-06684ab54101bce1b455802d71af1f7157c37b116c4b0c40b3c3b3dd8aee150d.js?body=1" for ::1 at 2016-02-15 15:26:16 +0900


Started GET "/assets/components.self-e3b0c44298fc1c149afbf4c8996fb92427ae41e4649b934ca495991b7852b855.js?body=1" for ::1 at 2016-02-15 15:26:16 +0900


Started GET "/assets/comments.self-877aef30ae1b040ab8a3aba4e3e309a11d7f2612f44dde450b5c157aa5f95c05.js?body=1" for ::1 at 2016-02-15 15:26:16 +0900


Started GET "/" for ::1 at 2016-02-15 15:40:08 +0900
Processing by CommentsController#index as HTML
  Rendered comments/index.html.erb within layouts/application (0.2ms)
Completed 200 OK in 1277ms (Views: 1275.1ms | ActiveRecord: 0.0ms)


Started GET "/assets/comments.self-e3b0c44298fc1c149afbf4c8996fb92427ae41e4649b934ca495991b7852b855.css?body=1" for ::1 at 2016-02-15 15:40:09 +0900


Started GET "/assets/turbolinks.self-c37727e9bd6b2735da5c311aa83fead54ed0be6cc8bd9a65309e9c5abe2cbfff.js?body=1" for ::1 at 2016-02-15 15:40:09 +0900


Started GET "/assets/components/comment_box.self-488ed4ebc2edd852237a42177789d697d5273f34ae8bdf0c477ca4d74d8cd25a.js?body=1" for ::1 at 2016-02-15 15:40:09 +0900


Started GET "/assets/jquery_ujs.self-d602bdfe68ffc63b9f9cc512872aa3cfff046228a0a36e90dd476e8ef54c1b09.js?body=1" for ::1 at 2016-02-15 15:40:09 +0900


Started GET "/assets/jquery.self-c64a74367bda6ef8b860f19e74df08927ca99d2be2ac934e9e92d5fd361e0da4.js?body=1" for ::1 at 2016-02-15 15:40:09 +0900


Started GET "/assets/development/react.self-fede65fd9a4acabec5ef1256b80983a6e6e8a68dec5eca279f6923ca213f7228.js?body=1" for ::1 at 2016-02-15 15:40:09 +0900


Started GET "/assets/application.self-e80e8f2318043e8af94dddc2adad5a4f09739a8ebb323b3ab31cd71d45fd9113.css?body=1" for ::1 at 2016-02-15 15:40:09 +0900


Started GET "/assets/react_ujs.self-06684ab54101bce1b455802d71af1f7157c37b116c4b0c40b3c3b3dd8aee150d.js?body=1" for ::1 at 2016-02-15 15:40:09 +0900


Started GET "/assets/components.self-e3b0c44298fc1c149afbf4c8996fb92427ae41e4649b934ca495991b7852b855.js?body=1" for ::1 at 2016-02-15 15:40:09 +0900


Started GET "/assets/marked.self-d5439e0eb94f719b9cd1f974aad01c015b89b071dd66fb546bff95d22bc602ec.js?body=1" for ::1 at 2016-02-15 15:40:10 +0900


Started GET "/assets/comments.self-877aef30ae1b040ab8a3aba4e3e309a11d7f2612f44dde450b5c157aa5f95c05.js?body=1" for ::1 at 2016-02-15 15:40:10 +0900


Started GET "/assets/application.self-a1a74291c4c48f2f663a025ffa678498d6448b849a2d74c0ca25e39ee192c0a7.js?body=1" for ::1 at 2016-02-15 15:40:10 +0900


Started GET "/" for ::1 at 2016-02-15 15:43:33 +0900
Processing by CommentsController#index as HTML
  Rendered comments/index.html.erb within layouts/application (1.2ms)
Completed 200 OK in 1069ms (Views: 1067.3ms | ActiveRecord: 0.0ms)


Started GET "/assets/components/comment_box.self-d25da3a7bf10ac841b41b0e1f4fa72e038d5918d8e5d51c2e6d52ab57542e7ad.js?body=1" for ::1 at 2016-02-15 15:43:35 +0900


Started GET "/assets/application.self-e80e8f2318043e8af94dddc2adad5a4f09739a8ebb323b3ab31cd71d45fd9113.css?body=1" for ::1 at 2016-02-15 15:43:35 +0900


Started GET "/assets/turbolinks.self-c37727e9bd6b2735da5c311aa83fead54ed0be6cc8bd9a65309e9c5abe2cbfff.js?body=1" for ::1 at 2016-02-15 15:43:35 +0900


Started GET "/assets/comments.self-e3b0c44298fc1c149afbf4c8996fb92427ae41e4649b934ca495991b7852b855.css?body=1" for ::1 at 2016-02-15 15:43:35 +0900


Started GET "/assets/jquery_ujs.self-d602bdfe68ffc63b9f9cc512872aa3cfff046228a0a36e90dd476e8ef54c1b09.js?body=1" for ::1 at 2016-02-15 15:43:35 +0900


Started GET "/assets/jquery.self-c64a74367bda6ef8b860f19e74df08927ca99d2be2ac934e9e92d5fd361e0da4.js?body=1" for ::1 at 2016-02-15 15:43:35 +0900


Started GET "/assets/development/react.self-fede65fd9a4acabec5ef1256b80983a6e6e8a68dec5eca279f6923ca213f7228.js?body=1" for ::1 at 2016-02-15 15:43:35 +0900


Started GET "/assets/react_ujs.self-06684ab54101bce1b455802d71af1f7157c37b116c4b0c40b3c3b3dd8aee150d.js?body=1" for ::1 at 2016-02-15 15:43:35 +0900


Started GET "/assets/components.self-e3b0c44298fc1c149afbf4c8996fb92427ae41e4649b934ca495991b7852b855.js?body=1" for ::1 at 2016-02-15 15:43:35 +0900


Started GET "/assets/comments.self-877aef30ae1b040ab8a3aba4e3e309a11d7f2612f44dde450b5c157aa5f95c05.js?body=1" for ::1 at 2016-02-15 15:43:35 +0900


Started GET "/assets/marked.self-d5439e0eb94f719b9cd1f974aad01c015b89b071dd66fb546bff95d22bc602ec.js?body=1" for ::1 at 2016-02-15 15:43:35 +0900


Started GET "/assets/application.self-a1a74291c4c48f2f663a025ffa678498d6448b849a2d74c0ca25e39ee192c0a7.js?body=1" for ::1 at 2016-02-15 15:43:35 +0900


Started GET "/" for ::1 at 2016-02-15 15:43:40 +0900
Processing by CommentsController#index as HTML
  Rendered comments/index.html.erb within layouts/application (0.7ms)
Completed 200 OK in 34ms (Views: 33.5ms | ActiveRecord: 0.0ms)


Started GET "/assets/comments.self-e3b0c44298fc1c149afbf4c8996fb92427ae41e4649b934ca495991b7852b855.css?body=1" for ::1 at 2016-02-15 15:43:41 +0900


Started GET "/assets/application.self-e80e8f2318043e8af94dddc2adad5a4f09739a8ebb323b3ab31cd71d45fd9113.css?body=1" for ::1 at 2016-02-15 15:43:41 +0900


Started GET "/assets/jquery_ujs.self-d602bdfe68ffc63b9f9cc512872aa3cfff046228a0a36e90dd476e8ef54c1b09.js?body=1" for ::1 at 2016-02-15 15:43:41 +0900


Started GET "/assets/components/comment_box.self-d25da3a7bf10ac841b41b0e1f4fa72e038d5918d8e5d51c2e6d52ab57542e7ad.js?body=1" for ::1 at 2016-02-15 15:43:41 +0900


Started GET "/assets/jquery.self-c64a74367bda6ef8b860f19e74df08927ca99d2be2ac934e9e92d5fd361e0da4.js?body=1" for ::1 at 2016-02-15 15:43:41 +0900


Started GET "/assets/react_ujs.self-06684ab54101bce1b455802d71af1f7157c37b116c4b0c40b3c3b3dd8aee150d.js?body=1" for ::1 at 2016-02-15 15:43:41 +0900


Started GET "/assets/turbolinks.self-c37727e9bd6b2735da5c311aa83fead54ed0be6cc8bd9a65309e9c5abe2cbfff.js?body=1" for ::1 at 2016-02-15 15:43:41 +0900


Started GET "/assets/development/react.self-fede65fd9a4acabec5ef1256b80983a6e6e8a68dec5eca279f6923ca213f7228.js?body=1" for ::1 at 2016-02-15 15:43:41 +0900


Started GET "/assets/marked.self-d5439e0eb94f719b9cd1f974aad01c015b89b071dd66fb546bff95d22bc602ec.js?body=1" for ::1 at 2016-02-15 15:43:41 +0900


Started GET "/assets/comments.self-877aef30ae1b040ab8a3aba4e3e309a11d7f2612f44dde450b5c157aa5f95c05.js?body=1" for ::1 at 2016-02-15 15:43:41 +0900


Started GET "/assets/components.self-e3b0c44298fc1c149afbf4c8996fb92427ae41e4649b934ca495991b7852b855.js?body=1" for ::1 at 2016-02-15 15:43:41 +0900


Started GET "/assets/application.self-a1a74291c4c48f2f663a025ffa678498d6448b849a2d74c0ca25e39ee192c0a7.js?body=1" for ::1 at 2016-02-15 15:43:41 +0900


Started GET "/" for ::1 at 2016-02-15 15:44:00 +0900
Processing by CommentsController#index as HTML
  Rendered comments/index.html.erb within layouts/application (1.1ms)
Completed 200 OK in 43ms (Views: 41.9ms | ActiveRecord: 0.0ms)


Started GET "/assets/comments.self-e3b0c44298fc1c149afbf4c8996fb92427ae41e4649b934ca495991b7852b855.css?body=1" for ::1 at 2016-02-15 15:44:00 +0900


Started GET "/assets/application.self-e80e8f2318043e8af94dddc2adad5a4f09739a8ebb323b3ab31cd71d45fd9113.css?body=1" for ::1 at 2016-02-15 15:44:00 +0900


Started GET "/assets/turbolinks.self-c37727e9bd6b2735da5c311aa83fead54ed0be6cc8bd9a65309e9c5abe2cbfff.js?body=1" for ::1 at 2016-02-15 15:44:00 +0900


Started GET "/assets/development/react.self-fede65fd9a4acabec5ef1256b80983a6e6e8a68dec5eca279f6923ca213f7228.js?body=1" for ::1 at 2016-02-15 15:44:00 +0900


Started GET "/assets/jquery_ujs.self-d602bdfe68ffc63b9f9cc512872aa3cfff046228a0a36e90dd476e8ef54c1b09.js?body=1" for ::1 at 2016-02-15 15:44:00 +0900


Started GET "/assets/jquery.self-c64a74367bda6ef8b860f19e74df08927ca99d2be2ac934e9e92d5fd361e0da4.js?body=1" for ::1 at 2016-02-15 15:44:00 +0900


Started GET "/assets/react_ujs.self-06684ab54101bce1b455802d71af1f7157c37b116c4b0c40b3c3b3dd8aee150d.js?body=1" for ::1 at 2016-02-15 15:44:00 +0900


Started GET "/assets/components/comment_box.self-d25da3a7bf10ac841b41b0e1f4fa72e038d5918d8e5d51c2e6d52ab57542e7ad.js?body=1" for ::1 at 2016-02-15 15:44:01 +0900


Started GET "/assets/components.self-e3b0c44298fc1c149afbf4c8996fb92427ae41e4649b934ca495991b7852b855.js?body=1" for ::1 at 2016-02-15 15:44:01 +0900


Started GET "/assets/marked.self-d5439e0eb94f719b9cd1f974aad01c015b89b071dd66fb546bff95d22bc602ec.js?body=1" for ::1 at 2016-02-15 15:44:01 +0900


Started GET "/assets/comments.self-877aef30ae1b040ab8a3aba4e3e309a11d7f2612f44dde450b5c157aa5f95c05.js?body=1" for ::1 at 2016-02-15 15:44:01 +0900


Started GET "/assets/application.self-a1a74291c4c48f2f663a025ffa678498d6448b849a2d74c0ca25e39ee192c0a7.js?body=1" for ::1 at 2016-02-15 15:44:01 +0900


Started GET "/" for ::1 at 2016-02-15 15:44:14 +0900
Processing by CommentsController#index as HTML
  Rendered comments/index.html.erb within layouts/application (2.9ms)
Completed 200 OK in 584ms (Views: 571.6ms | ActiveRecord: 0.0ms)


Started GET "/assets/comments.self-e3b0c44298fc1c149afbf4c8996fb92427ae41e4649b934ca495991b7852b855.css?body=1" for ::1 at 2016-02-15 15:44:15 +0900


Started GET "/assets/application.self-e80e8f2318043e8af94dddc2adad5a4f09739a8ebb323b3ab31cd71d45fd9113.css?body=1" for ::1 at 2016-02-15 15:44:15 +0900


Started GET "/assets/jquery.self-c64a74367bda6ef8b860f19e74df08927ca99d2be2ac934e9e92d5fd361e0da4.js?body=1" for ::1 at 2016-02-15 15:44:15 +0900


Started GET "/assets/jquery_ujs.self-d602bdfe68ffc63b9f9cc512872aa3cfff046228a0a36e90dd476e8ef54c1b09.js?body=1" for ::1 at 2016-02-15 15:44:15 +0900


Started GET "/assets/turbolinks.self-c37727e9bd6b2735da5c311aa83fead54ed0be6cc8bd9a65309e9c5abe2cbfff.js?body=1" for ::1 at 2016-02-15 15:44:15 +0900


Started GET "/assets/development/react.self-fede65fd9a4acabec5ef1256b80983a6e6e8a68dec5eca279f6923ca213f7228.js?body=1" for ::1 at 2016-02-15 15:44:15 +0900


Started GET "/assets/react_ujs.self-06684ab54101bce1b455802d71af1f7157c37b116c4b0c40b3c3b3dd8aee150d.js?body=1" for ::1 at 2016-02-15 15:44:15 +0900


Started GET "/assets/components/comment_box.self-d25da3a7bf10ac841b41b0e1f4fa72e038d5918d8e5d51c2e6d52ab57542e7ad.js?body=1" for ::1 at 2016-02-15 15:44:15 +0900


Started GET "/assets/components.self-e3b0c44298fc1c149afbf4c8996fb92427ae41e4649b934ca495991b7852b855.js?body=1" for ::1 at 2016-02-15 15:44:15 +0900


Started GET "/assets/comments.self-877aef30ae1b040ab8a3aba4e3e309a11d7f2612f44dde450b5c157aa5f95c05.js?body=1" for ::1 at 2016-02-15 15:44:15 +0900


Started GET "/assets/marked.self-d5439e0eb94f719b9cd1f974aad01c015b89b071dd66fb546bff95d22bc602ec.js?body=1" for ::1 at 2016-02-15 15:44:15 +0900


Started GET "/assets/application.self-a1a74291c4c48f2f663a025ffa678498d6448b849a2d74c0ca25e39ee192c0a7.js?body=1" for ::1 at 2016-02-15 15:44:15 +0900
